2020-02-12 21:35:57 [scrapy] DEBUG: Redirecting (301) to <GET https://thenair.me/robots.txt> from <GET http://thenair.me/robots.txt>
2020-02-12 21:35:58 [scrapy] DEBUG: Crawled (404) <GET https://thenair.me/robots.txt> (referer: None)
2020-02-12 21:35:59 [scrapy] DEBUG: Redirecting (301) to <GET https://thenair.me/> from <GET http://thenair.me>
2020-02-12 21:35:59 [scrapy] DEBUG: Crawled (200) <GET https://thenair.me/> (referer: None)
2020-02-12 21:35:59 [til] DEBUG: Saved file quotes-thenair.me.html
2020-02-12 21:35:59 [scrapy] INFO: Closing spider (finished)
2020-02-12 21:35:59 [scrapy] INFO: Dumping Scrapy stats:
{'downloader/request_bytes': 856,
 'downloader/request_count': 4,
 'downloader/request_method_count/GET': 4,
 'downloader/response_bytes': 9522,
 'downloader/response_count': 4,
 'downloader/response_status_count/200': 1,
 'downloader/response_status_count/301': 2,
 'downloader/response_status_count/404': 1,
 'elapsed_time_seconds': 2.013571,
 'finish_reason': 'finished',
 'finish_time': datetime.datetime(2020, 2, 12, 16, 5, 59, 495604),
 'log_count/DEBUG': 5,
 'log_count/INFO': 7,
 'memusage/max': 52854784,
 'memusage/startup': 52854784,
 'response_received_count': 2,
 'robotstxt/request_count': 1,
 'robotstxt/response_count': 1,
 'robotstxt/response_status_count/404': 1,
 'scheduler/dequeued': 2,
 'scheduler/dequeued/memory': 2,
 'scheduler/enqueued': 2,
 'scheduler/enqueued/memory': 2,
 'start_time': datetime.datetime(2020, 2, 12, 16, 5, 57, 482033)}
2020-02-12 21:35:59 [scrapy] INFO: Spider closed (finished)
